┌ Warning: Assignment to `name` in soft scope is ambiguous because a global variable by the same name exists: `name` will be treated as a new local. Disambiguate by using `local name` to suppress this warning or `global name` to assign to the existing global variable.
└ @ nothing /home/datalab/projects/agents/warehouse/experiments/e_hw17x15_1000_20.jl:26
┌ Info: 2021-09-10T12:45:31.079 Begin seed 1
└ @ Main /home/datalab/projects/agents/warehouse/experiments/e_hw17x15_1000_20.jl:23
┌ Info: 2021-09-10T12:45:38.575 End seed 1
└ @ Main /home/datalab/projects/agents/warehouse/experiments/e_hw17x15_1000_20.jl:32
┌ Info: 2021-09-10T12:45:38.575 Begin seed 2
└ @ Main /home/datalab/projects/agents/warehouse/experiments/e_hw17x15_1000_20.jl:23
┌ Info: 2021-09-10T12:45:38.756 End seed 2
└ @ Main /home/datalab/projects/agents/warehouse/experiments/e_hw17x15_1000_20.jl:32
┌ Info: 2021-09-10T12:45:38.756 Begin seed 3
└ @ Main /home/datalab/projects/agents/warehouse/experiments/e_hw17x15_1000_20.jl:23
┌ Info: 2021-09-10T12:45:38.948 End seed 3
└ @ Main /home/datalab/projects/agents/warehouse/experiments/e_hw17x15_1000_20.jl:32
┌ Info: 2021-09-10T12:45:38.949 Begin seed 4
└ @ Main /home/datalab/projects/agents/warehouse/experiments/e_hw17x15_1000_20.jl:23
┌ Info: 2021-09-10T12:45:39.109 End seed 4
└ @ Main /home/datalab/projects/agents/warehouse/experiments/e_hw17x15_1000_20.jl:32
┌ Info: 2021-09-10T12:45:39.109 Begin seed 5
└ @ Main /home/datalab/projects/agents/warehouse/experiments/e_hw17x15_1000_20.jl:23
┌ Info: 2021-09-10T12:45:39.261 End seed 5
└ @ Main /home/datalab/projects/agents/warehouse/experiments/e_hw17x15_1000_20.jl:32
┌ Info: 2021-09-10T12:45:39.261 Begin seed 6
└ @ Main /home/datalab/projects/agents/warehouse/experiments/e_hw17x15_1000_20.jl:23
┌ Info: 2021-09-10T12:45:39.424 End seed 6
└ @ Main /home/datalab/projects/agents/warehouse/experiments/e_hw17x15_1000_20.jl:32
┌ Info: 2021-09-10T12:45:39.424 Begin seed 7
└ @ Main /home/datalab/projects/agents/warehouse/experiments/e_hw17x15_1000_20.jl:23
┌ Info: 2021-09-10T12:45:39.608 End seed 7
└ @ Main /home/datalab/projects/agents/warehouse/experiments/e_hw17x15_1000_20.jl:32
┌ Info: 2021-09-10T12:45:39.608 Begin seed 8
└ @ Main /home/datalab/projects/agents/warehouse/experiments/e_hw17x15_1000_20.jl:23
┌ Info: 2021-09-10T12:45:39.786 End seed 8
└ @ Main /home/datalab/projects/agents/warehouse/experiments/e_hw17x15_1000_20.jl:32
┌ Info: 2021-09-10T12:45:39.786 Begin seed 9
└ @ Main /home/datalab/projects/agents/warehouse/experiments/e_hw17x15_1000_20.jl:23
┌ Info: 2021-09-10T12:45:39.944 End seed 9
└ @ Main /home/datalab/projects/agents/warehouse/experiments/e_hw17x15_1000_20.jl:32
┌ Info: 2021-09-10T12:45:39.944 Begin seed 10
└ @ Main /home/datalab/projects/agents/warehouse/experiments/e_hw17x15_1000_20.jl:23
┌ Info: 2021-09-10T12:45:40.103 End seed 10
└ @ Main /home/datalab/projects/agents/warehouse/experiments/e_hw17x15_1000_20.jl:32
┌ Info: 2021-09-10T12:45:40.103 Begin seed 11
└ @ Main /home/datalab/projects/agents/warehouse/experiments/e_hw17x15_1000_20.jl:23
┌ Info: 2021-09-10T12:45:40.280 End seed 11
└ @ Main /home/datalab/projects/agents/warehouse/experiments/e_hw17x15_1000_20.jl:32
┌ Info: 2021-09-10T12:45:40.280 Begin seed 12
└ @ Main /home/datalab/projects/agents/warehouse/experiments/e_hw17x15_1000_20.jl:23
┌ Info: 2021-09-10T12:45:40.432 End seed 12
└ @ Main /home/datalab/projects/agents/warehouse/experiments/e_hw17x15_1000_20.jl:32
┌ Info: 2021-09-10T12:45:40.432 Begin seed 13
└ @ Main /home/datalab/projects/agents/warehouse/experiments/e_hw17x15_1000_20.jl:23
┌ Info: 2021-09-10T12:45:40.585 End seed 13
└ @ Main /home/datalab/projects/agents/warehouse/experiments/e_hw17x15_1000_20.jl:32
┌ Info: 2021-09-10T12:45:40.586 Begin seed 14
└ @ Main /home/datalab/projects/agents/warehouse/experiments/e_hw17x15_1000_20.jl:23
┌ Info: 2021-09-10T12:45:40.746 End seed 14
└ @ Main /home/datalab/projects/agents/warehouse/experiments/e_hw17x15_1000_20.jl:32
┌ Info: 2021-09-10T12:45:40.746 Begin seed 15
└ @ Main /home/datalab/projects/agents/warehouse/experiments/e_hw17x15_1000_20.jl:23
┌ Info: 2021-09-10T12:45:40.920 End seed 15
└ @ Main /home/datalab/projects/agents/warehouse/experiments/e_hw17x15_1000_20.jl:32
┌ Info: 2021-09-10T12:45:40.920 Begin seed 16
└ @ Main /home/datalab/projects/agents/warehouse/experiments/e_hw17x15_1000_20.jl:23
┌ Info: 2021-09-10T12:45:41.078 End seed 16
└ @ Main /home/datalab/projects/agents/warehouse/experiments/e_hw17x15_1000_20.jl:32
┌ Info: 2021-09-10T12:45:41.078 Begin seed 17
└ @ Main /home/datalab/projects/agents/warehouse/experiments/e_hw17x15_1000_20.jl:23
┌ Info: 2021-09-10T12:45:41.237 End seed 17
└ @ Main /home/datalab/projects/agents/warehouse/experiments/e_hw17x15_1000_20.jl:32
┌ Info: 2021-09-10T12:45:41.237 Begin seed 18
└ @ Main /home/datalab/projects/agents/warehouse/experiments/e_hw17x15_1000_20.jl:23
┌ Info: 2021-09-10T12:45:41.402 End seed 18
└ @ Main /home/datalab/projects/agents/warehouse/experiments/e_hw17x15_1000_20.jl:32
┌ Info: 2021-09-10T12:45:41.402 Begin seed 19
└ @ Main /home/datalab/projects/agents/warehouse/experiments/e_hw17x15_1000_20.jl:23
┌ Info: 2021-09-10T12:45:41.598 End seed 19
└ @ Main /home/datalab/projects/agents/warehouse/experiments/e_hw17x15_1000_20.jl:32
┌ Info: 2021-09-10T12:45:41.598 Begin seed 20
└ @ Main /home/datalab/projects/agents/warehouse/experiments/e_hw17x15_1000_20.jl:23
┌ Info: 2021-09-10T12:45:41.772 End seed 20
└ @ Main /home/datalab/projects/agents/warehouse/experiments/e_hw17x15_1000_20.jl:32
┌ Info: 2021-09-10T12:45:41.773 Begin seed 21
└ @ Main /home/datalab/projects/agents/warehouse/experiments/e_hw17x15_1000_20.jl:23
┌ Info: 2021-09-10T12:45:41.928 End seed 21
└ @ Main /home/datalab/projects/agents/warehouse/experiments/e_hw17x15_1000_20.jl:32
┌ Info: 2021-09-10T12:45:41.928 Begin seed 22
└ @ Main /home/datalab/projects/agents/warehouse/experiments/e_hw17x15_1000_20.jl:23
┌ Info: 2021-09-10T12:45:42.091 End seed 22
└ @ Main /home/datalab/projects/agents/warehouse/experiments/e_hw17x15_1000_20.jl:32
┌ Info: 2021-09-10T12:45:42.091 Begin seed 23
└ @ Main /home/datalab/projects/agents/warehouse/experiments/e_hw17x15_1000_20.jl:23
┌ Info: 2021-09-10T12:45:42.267 End seed 23
└ @ Main /home/datalab/projects/agents/warehouse/experiments/e_hw17x15_1000_20.jl:32
┌ Info: 2021-09-10T12:45:42.268 Begin seed 24
└ @ Main /home/datalab/projects/agents/warehouse/experiments/e_hw17x15_1000_20.jl:23
┌ Info: 2021-09-10T12:45:42.435 End seed 24
└ @ Main /home/datalab/projects/agents/warehouse/experiments/e_hw17x15_1000_20.jl:32
┌ Info: 2021-09-10T12:45:42.436 Begin seed 25
└ @ Main /home/datalab/projects/agents/warehouse/experiments/e_hw17x15_1000_20.jl:23
┌ Info: 2021-09-10T12:45:42.595 End seed 25
└ @ Main /home/datalab/projects/agents/warehouse/experiments/e_hw17x15_1000_20.jl:32
┌ Info: 2021-09-10T12:45:42.595 Begin seed 26
└ @ Main /home/datalab/projects/agents/warehouse/experiments/e_hw17x15_1000_20.jl:23
┌ Info: 2021-09-10T12:45:42.762 End seed 26
└ @ Main /home/datalab/projects/agents/warehouse/experiments/e_hw17x15_1000_20.jl:32
┌ Info: 2021-09-10T12:45:42.762 Begin seed 27
└ @ Main /home/datalab/projects/agents/warehouse/experiments/e_hw17x15_1000_20.jl:23
┌ Info: 2021-09-10T12:45:42.944 End seed 27
└ @ Main /home/datalab/projects/agents/warehouse/experiments/e_hw17x15_1000_20.jl:32
┌ Info: 2021-09-10T12:45:42.945 Begin seed 28
└ @ Main /home/datalab/projects/agents/warehouse/experiments/e_hw17x15_1000_20.jl:23
┌ Info: 2021-09-10T12:45:43.109 End seed 28
└ @ Main /home/datalab/projects/agents/warehouse/experiments/e_hw17x15_1000_20.jl:32
┌ Info: 2021-09-10T12:45:43.109 Begin seed 29
└ @ Main /home/datalab/projects/agents/warehouse/experiments/e_hw17x15_1000_20.jl:23
┌ Info: 2021-09-10T12:45:43.260 End seed 29
└ @ Main /home/datalab/projects/agents/warehouse/experiments/e_hw17x15_1000_20.jl:32
┌ Info: 2021-09-10T12:45:43.260 Begin seed 30
└ @ Main /home/datalab/projects/agents/warehouse/experiments/e_hw17x15_1000_20.jl:23
┌ Info: 2021-09-10T12:45:43.418 End seed 30
└ @ Main /home/datalab/projects/agents/warehouse/experiments/e_hw17x15_1000_20.jl:32
┌ Info: 2021-09-10T12:45:43.418 Begin seed 31
└ @ Main /home/datalab/projects/agents/warehouse/experiments/e_hw17x15_1000_20.jl:23
┌ Info: 2021-09-10T12:45:43.588 End seed 31
└ @ Main /home/datalab/projects/agents/warehouse/experiments/e_hw17x15_1000_20.jl:32
┌ Info: 2021-09-10T12:45:43.588 Begin seed 32
└ @ Main /home/datalab/projects/agents/warehouse/experiments/e_hw17x15_1000_20.jl:23
┌ Info: 2021-09-10T12:45:43.747 End seed 32
└ @ Main /home/datalab/projects/agents/warehouse/experiments/e_hw17x15_1000_20.jl:32
┌ Info: 2021-09-10T12:45:43.747 Begin seed 33
└ @ Main /home/datalab/projects/agents/warehouse/experiments/e_hw17x15_1000_20.jl:23
┌ Info: 2021-09-10T12:45:43.946 End seed 33
└ @ Main /home/datalab/projects/agents/warehouse/experiments/e_hw17x15_1000_20.jl:32
┌ Info: 2021-09-10T12:45:43.948 Begin seed 34
└ @ Main /home/datalab/projects/agents/warehouse/experiments/e_hw17x15_1000_20.jl:23
┌ Info: 2021-09-10T12:45:44.116 End seed 34
└ @ Main /home/datalab/projects/agents/warehouse/experiments/e_hw17x15_1000_20.jl:32
┌ Info: 2021-09-10T12:45:44.116 Begin seed 35
└ @ Main /home/datalab/projects/agents/warehouse/experiments/e_hw17x15_1000_20.jl:23
┌ Info: 2021-09-10T12:45:44.285 End seed 35
└ @ Main /home/datalab/projects/agents/warehouse/experiments/e_hw17x15_1000_20.jl:32
┌ Info: 2021-09-10T12:45:44.285 Begin seed 36
└ @ Main /home/datalab/projects/agents/warehouse/experiments/e_hw17x15_1000_20.jl:23
┌ Info: 2021-09-10T12:45:44.471 End seed 36
└ @ Main /home/datalab/projects/agents/warehouse/experiments/e_hw17x15_1000_20.jl:32
┌ Info: 2021-09-10T12:45:44.471 Begin seed 37
└ @ Main /home/datalab/projects/agents/warehouse/experiments/e_hw17x15_1000_20.jl:23
┌ Info: 2021-09-10T12:45:44.640 End seed 37
└ @ Main /home/datalab/projects/agents/warehouse/experiments/e_hw17x15_1000_20.jl:32
┌ Info: 2021-09-10T12:45:44.640 Begin seed 38
└ @ Main /home/datalab/projects/agents/warehouse/experiments/e_hw17x15_1000_20.jl:23
┌ Info: 2021-09-10T12:45:44.813 End seed 38
└ @ Main /home/datalab/projects/agents/warehouse/experiments/e_hw17x15_1000_20.jl:32
┌ Info: 2021-09-10T12:45:44.814 Begin seed 39
└ @ Main /home/datalab/projects/agents/warehouse/experiments/e_hw17x15_1000_20.jl:23
┌ Info: 2021-09-10T12:45:44.964 End seed 39
└ @ Main /home/datalab/projects/agents/warehouse/experiments/e_hw17x15_1000_20.jl:32
┌ Info: 2021-09-10T12:45:44.964 Begin seed 40
└ @ Main /home/datalab/projects/agents/warehouse/experiments/e_hw17x15_1000_20.jl:23
┌ Info: 2021-09-10T12:45:45.125 End seed 40
└ @ Main /home/datalab/projects/agents/warehouse/experiments/e_hw17x15_1000_20.jl:32
┌ Info: 2021-09-10T12:45:45.125 Begin seed 41
└ @ Main /home/datalab/projects/agents/warehouse/experiments/e_hw17x15_1000_20.jl:23
┌ Info: 2021-09-10T12:45:45.300 End seed 41
└ @ Main /home/datalab/projects/agents/warehouse/experiments/e_hw17x15_1000_20.jl:32
┌ Info: 2021-09-10T12:45:45.300 Begin seed 42
└ @ Main /home/datalab/projects/agents/warehouse/experiments/e_hw17x15_1000_20.jl:23
┌ Info: 2021-09-10T12:45:45.452 End seed 42
└ @ Main /home/datalab/projects/agents/warehouse/experiments/e_hw17x15_1000_20.jl:32
┌ Info: 2021-09-10T12:45:45.452 Begin seed 43
└ @ Main /home/datalab/projects/agents/warehouse/experiments/e_hw17x15_1000_20.jl:23
┌ Info: 2021-09-10T12:45:45.599 End seed 43
└ @ Main /home/datalab/projects/agents/warehouse/experiments/e_hw17x15_1000_20.jl:32
┌ Info: 2021-09-10T12:45:45.599 Begin seed 44
└ @ Main /home/datalab/projects/agents/warehouse/experiments/e_hw17x15_1000_20.jl:23
┌ Info: 2021-09-10T12:45:45.734 End seed 44
└ @ Main /home/datalab/projects/agents/warehouse/experiments/e_hw17x15_1000_20.jl:32
┌ Info: 2021-09-10T12:45:45.734 Begin seed 45
└ @ Main /home/datalab/projects/agents/warehouse/experiments/e_hw17x15_1000_20.jl:23
┌ Info: 2021-09-10T12:45:45.905 End seed 45
└ @ Main /home/datalab/projects/agents/warehouse/experiments/e_hw17x15_1000_20.jl:32
┌ Info: 2021-09-10T12:45:45.905 Begin seed 46
└ @ Main /home/datalab/projects/agents/warehouse/experiments/e_hw17x15_1000_20.jl:23
┌ Info: 2021-09-10T12:45:46.084 End seed 46
└ @ Main /home/datalab/projects/agents/warehouse/experiments/e_hw17x15_1000_20.jl:32
┌ Info: 2021-09-10T12:45:46.084 Begin seed 47
└ @ Main /home/datalab/projects/agents/warehouse/experiments/e_hw17x15_1000_20.jl:23
┌ Info: 2021-09-10T12:45:46.241 End seed 47
└ @ Main /home/datalab/projects/agents/warehouse/experiments/e_hw17x15_1000_20.jl:32
┌ Info: 2021-09-10T12:45:46.241 Begin seed 48
└ @ Main /home/datalab/projects/agents/warehouse/experiments/e_hw17x15_1000_20.jl:23
┌ Info: 2021-09-10T12:45:46.391 End seed 48
└ @ Main /home/datalab/projects/agents/warehouse/experiments/e_hw17x15_1000_20.jl:32
┌ Info: 2021-09-10T12:45:46.391 Begin seed 49
└ @ Main /home/datalab/projects/agents/warehouse/experiments/e_hw17x15_1000_20.jl:23
┌ Info: 2021-09-10T12:45:46.542 End seed 49
└ @ Main /home/datalab/projects/agents/warehouse/experiments/e_hw17x15_1000_20.jl:32
┌ Info: 2021-09-10T12:45:46.542 Begin seed 50
└ @ Main /home/datalab/projects/agents/warehouse/experiments/e_hw17x15_1000_20.jl:23
┌ Info: 2021-09-10T12:45:46.718 End seed 50
└ @ Main /home/datalab/projects/agents/warehouse/experiments/e_hw17x15_1000_20.jl:32
┌ Info: 2021-09-10T12:45:46.718 Begin seed 51
└ @ Main /home/datalab/projects/agents/warehouse/experiments/e_hw17x15_1000_20.jl:23
┌ Info: 2021-09-10T12:45:46.881 End seed 51
└ @ Main /home/datalab/projects/agents/warehouse/experiments/e_hw17x15_1000_20.jl:32
┌ Info: 2021-09-10T12:45:46.881 Begin seed 52
└ @ Main /home/datalab/projects/agents/warehouse/experiments/e_hw17x15_1000_20.jl:23
┌ Info: 2021-09-10T12:45:47.032 End seed 52
└ @ Main /home/datalab/projects/agents/warehouse/experiments/e_hw17x15_1000_20.jl:32
┌ Info: 2021-09-10T12:45:47.032 Begin seed 53
└ @ Main /home/datalab/projects/agents/warehouse/experiments/e_hw17x15_1000_20.jl:23
┌ Info: 2021-09-10T12:45:47.184 End seed 53
└ @ Main /home/datalab/projects/agents/warehouse/experiments/e_hw17x15_1000_20.jl:32
┌ Info: 2021-09-10T12:45:47.184 Begin seed 54
└ @ Main /home/datalab/projects/agents/warehouse/experiments/e_hw17x15_1000_20.jl:23
┌ Info: 2021-09-10T12:45:47.358 End seed 54
└ @ Main /home/datalab/projects/agents/warehouse/experiments/e_hw17x15_1000_20.jl:32
┌ Info: 2021-09-10T12:45:47.358 Begin seed 55
└ @ Main /home/datalab/projects/agents/warehouse/experiments/e_hw17x15_1000_20.jl:23
┌ Info: 2021-09-10T12:45:47.515 End seed 55
└ @ Main /home/datalab/projects/agents/warehouse/experiments/e_hw17x15_1000_20.jl:32
┌ Info: 2021-09-10T12:45:47.515 Begin seed 56
└ @ Main /home/datalab/projects/agents/warehouse/experiments/e_hw17x15_1000_20.jl:23
┌ Info: 2021-09-10T12:45:47.670 End seed 56
└ @ Main /home/datalab/projects/agents/warehouse/experiments/e_hw17x15_1000_20.jl:32
┌ Info: 2021-09-10T12:45:47.670 Begin seed 57
└ @ Main /home/datalab/projects/agents/warehouse/experiments/e_hw17x15_1000_20.jl:23
┌ Info: 2021-09-10T12:45:47.841 End seed 57
└ @ Main /home/datalab/projects/agents/warehouse/experiments/e_hw17x15_1000_20.jl:32
┌ Info: 2021-09-10T12:45:47.841 Begin seed 58
└ @ Main /home/datalab/projects/agents/warehouse/experiments/e_hw17x15_1000_20.jl:23
┌ Info: 2021-09-10T12:45:48.024 End seed 58
└ @ Main /home/datalab/projects/agents/warehouse/experiments/e_hw17x15_1000_20.jl:32
┌ Info: 2021-09-10T12:45:48.024 Begin seed 59
└ @ Main /home/datalab/projects/agents/warehouse/experiments/e_hw17x15_1000_20.jl:23
┌ Info: 2021-09-10T12:45:48.180 End seed 59
└ @ Main /home/datalab/projects/agents/warehouse/experiments/e_hw17x15_1000_20.jl:32
┌ Info: 2021-09-10T12:45:48.180 Begin seed 60
└ @ Main /home/datalab/projects/agents/warehouse/experiments/e_hw17x15_1000_20.jl:23
┌ Info: 2021-09-10T12:45:48.334 End seed 60
└ @ Main /home/datalab/projects/agents/warehouse/experiments/e_hw17x15_1000_20.jl:32
┌ Info: 2021-09-10T12:45:48.334 Begin seed 61
└ @ Main /home/datalab/projects/agents/warehouse/experiments/e_hw17x15_1000_20.jl:23
┌ Info: 2021-09-10T12:45:48.493 End seed 61
└ @ Main /home/datalab/projects/agents/warehouse/experiments/e_hw17x15_1000_20.jl:32
┌ Info: 2021-09-10T12:45:48.493 Begin seed 62
└ @ Main /home/datalab/projects/agents/warehouse/experiments/e_hw17x15_1000_20.jl:23
┌ Info: 2021-09-10T12:45:48.671 End seed 62
└ @ Main /home/datalab/projects/agents/warehouse/experiments/e_hw17x15_1000_20.jl:32
┌ Info: 2021-09-10T12:45:48.672 Begin seed 63
└ @ Main /home/datalab/projects/agents/warehouse/experiments/e_hw17x15_1000_20.jl:23
┌ Info: 2021-09-10T12:45:48.832 End seed 63
└ @ Main /home/datalab/projects/agents/warehouse/experiments/e_hw17x15_1000_20.jl:32
┌ Info: 2021-09-10T12:45:48.833 Begin seed 64
└ @ Main /home/datalab/projects/agents/warehouse/experiments/e_hw17x15_1000_20.jl:23
┌ Info: 2021-09-10T12:45:48.994 End seed 64
└ @ Main /home/datalab/projects/agents/warehouse/experiments/e_hw17x15_1000_20.jl:32
┌ Info: 2021-09-10T12:45:48.994 Begin seed 65
└ @ Main /home/datalab/projects/agents/warehouse/experiments/e_hw17x15_1000_20.jl:23
┌ Info: 2021-09-10T12:45:49.149 End seed 65
└ @ Main /home/datalab/projects/agents/warehouse/experiments/e_hw17x15_1000_20.jl:32
┌ Info: 2021-09-10T12:45:49.149 Begin seed 66
└ @ Main /home/datalab/projects/agents/warehouse/experiments/e_hw17x15_1000_20.jl:23
┌ Info: 2021-09-10T12:45:49.333 End seed 66
└ @ Main /home/datalab/projects/agents/warehouse/experiments/e_hw17x15_1000_20.jl:32
┌ Info: 2021-09-10T12:45:49.333 Begin seed 67
└ @ Main /home/datalab/projects/agents/warehouse/experiments/e_hw17x15_1000_20.jl:23
┌ Info: 2021-09-10T12:45:49.478 End seed 67
└ @ Main /home/datalab/projects/agents/warehouse/experiments/e_hw17x15_1000_20.jl:32
┌ Info: 2021-09-10T12:45:49.478 Begin seed 68
└ @ Main /home/datalab/projects/agents/warehouse/experiments/e_hw17x15_1000_20.jl:23
┌ Info: 2021-09-10T12:45:49.628 End seed 68
└ @ Main /home/datalab/projects/agents/warehouse/experiments/e_hw17x15_1000_20.jl:32
┌ Info: 2021-09-10T12:45:49.628 Begin seed 69
└ @ Main /home/datalab/projects/agents/warehouse/experiments/e_hw17x15_1000_20.jl:23
┌ Info: 2021-09-10T12:45:49.774 End seed 69
└ @ Main /home/datalab/projects/agents/warehouse/experiments/e_hw17x15_1000_20.jl:32
┌ Info: 2021-09-10T12:45:49.774 Begin seed 70
└ @ Main /home/datalab/projects/agents/warehouse/experiments/e_hw17x15_1000_20.jl:23
┌ Info: 2021-09-10T12:45:49.942 End seed 70
└ @ Main /home/datalab/projects/agents/warehouse/experiments/e_hw17x15_1000_20.jl:32
┌ Info: 2021-09-10T12:45:49.942 Begin seed 71
└ @ Main /home/datalab/projects/agents/warehouse/experiments/e_hw17x15_1000_20.jl:23
┌ Info: 2021-09-10T12:45:50.121 End seed 71
└ @ Main /home/datalab/projects/agents/warehouse/experiments/e_hw17x15_1000_20.jl:32
┌ Info: 2021-09-10T12:45:50.121 Begin seed 72
└ @ Main /home/datalab/projects/agents/warehouse/experiments/e_hw17x15_1000_20.jl:23
┌ Info: 2021-09-10T12:45:50.276 End seed 72
└ @ Main /home/datalab/projects/agents/warehouse/experiments/e_hw17x15_1000_20.jl:32
┌ Info: 2021-09-10T12:45:50.276 Begin seed 73
└ @ Main /home/datalab/projects/agents/warehouse/experiments/e_hw17x15_1000_20.jl:23
┌ Info: 2021-09-10T12:45:50.445 End seed 73
└ @ Main /home/datalab/projects/agents/warehouse/experiments/e_hw17x15_1000_20.jl:32
┌ Info: 2021-09-10T12:45:50.445 Begin seed 74
└ @ Main /home/datalab/projects/agents/warehouse/experiments/e_hw17x15_1000_20.jl:23
┌ Info: 2021-09-10T12:45:50.613 End seed 74
└ @ Main /home/datalab/projects/agents/warehouse/experiments/e_hw17x15_1000_20.jl:32
┌ Info: 2021-09-10T12:45:50.614 Begin seed 75
└ @ Main /home/datalab/projects/agents/warehouse/experiments/e_hw17x15_1000_20.jl:23
┌ Info: 2021-09-10T12:45:50.764 End seed 75
└ @ Main /home/datalab/projects/agents/warehouse/experiments/e_hw17x15_1000_20.jl:32
┌ Info: 2021-09-10T12:45:50.764 Begin seed 76
└ @ Main /home/datalab/projects/agents/warehouse/experiments/e_hw17x15_1000_20.jl:23
┌ Info: 2021-09-10T12:45:50.918 End seed 76
└ @ Main /home/datalab/projects/agents/warehouse/experiments/e_hw17x15_1000_20.jl:32
┌ Info: 2021-09-10T12:45:50.918 Begin seed 77
└ @ Main /home/datalab/projects/agents/warehouse/experiments/e_hw17x15_1000_20.jl:23
┌ Info: 2021-09-10T12:45:51.079 End seed 77
└ @ Main /home/datalab/projects/agents/warehouse/experiments/e_hw17x15_1000_20.jl:32
┌ Info: 2021-09-10T12:45:51.079 Begin seed 78
└ @ Main /home/datalab/projects/agents/warehouse/experiments/e_hw17x15_1000_20.jl:23
┌ Info: 2021-09-10T12:45:51.258 End seed 78
└ @ Main /home/datalab/projects/agents/warehouse/experiments/e_hw17x15_1000_20.jl:32
┌ Info: 2021-09-10T12:45:51.258 Begin seed 79
└ @ Main /home/datalab/projects/agents/warehouse/experiments/e_hw17x15_1000_20.jl:23
┌ Info: 2021-09-10T12:45:51.416 End seed 79
└ @ Main /home/datalab/projects/agents/warehouse/experiments/e_hw17x15_1000_20.jl:32
┌ Info: 2021-09-10T12:45:51.416 Begin seed 80
└ @ Main /home/datalab/projects/agents/warehouse/experiments/e_hw17x15_1000_20.jl:23
┌ Info: 2021-09-10T12:45:51.566 End seed 80
└ @ Main /home/datalab/projects/agents/warehouse/experiments/e_hw17x15_1000_20.jl:32
┌ Info: 2021-09-10T12:45:51.566 Begin seed 81
└ @ Main /home/datalab/projects/agents/warehouse/experiments/e_hw17x15_1000_20.jl:23
┌ Info: 2021-09-10T12:45:51.729 End seed 81
└ @ Main /home/datalab/projects/agents/warehouse/experiments/e_hw17x15_1000_20.jl:32
┌ Info: 2021-09-10T12:45:51.729 Begin seed 82
└ @ Main /home/datalab/projects/agents/warehouse/experiments/e_hw17x15_1000_20.jl:23
┌ Info: 2021-09-10T12:45:51.899 End seed 82
└ @ Main /home/datalab/projects/agents/warehouse/experiments/e_hw17x15_1000_20.jl:32
┌ Info: 2021-09-10T12:45:51.899 Begin seed 83
└ @ Main /home/datalab/projects/agents/warehouse/experiments/e_hw17x15_1000_20.jl:23
┌ Info: 2021-09-10T12:45:52.058 End seed 83
└ @ Main /home/datalab/projects/agents/warehouse/experiments/e_hw17x15_1000_20.jl:32
┌ Info: 2021-09-10T12:45:52.058 Begin seed 84
└ @ Main /home/datalab/projects/agents/warehouse/experiments/e_hw17x15_1000_20.jl:23
┌ Info: 2021-09-10T12:45:52.217 End seed 84
└ @ Main /home/datalab/projects/agents/warehouse/experiments/e_hw17x15_1000_20.jl:32
┌ Info: 2021-09-10T12:45:52.217 Begin seed 85
└ @ Main /home/datalab/projects/agents/warehouse/experiments/e_hw17x15_1000_20.jl:23
┌ Info: 2021-09-10T12:45:52.380 End seed 85
└ @ Main /home/datalab/projects/agents/warehouse/experiments/e_hw17x15_1000_20.jl:32
┌ Info: 2021-09-10T12:45:52.380 Begin seed 86
└ @ Main /home/datalab/projects/agents/warehouse/experiments/e_hw17x15_1000_20.jl:23
┌ Info: 2021-09-10T12:45:52.571 End seed 86
└ @ Main /home/datalab/projects/agents/warehouse/experiments/e_hw17x15_1000_20.jl:32
┌ Info: 2021-09-10T12:45:52.571 Begin seed 87
└ @ Main /home/datalab/projects/agents/warehouse/experiments/e_hw17x15_1000_20.jl:23
┌ Info: 2021-09-10T12:45:52.726 End seed 87
└ @ Main /home/datalab/projects/agents/warehouse/experiments/e_hw17x15_1000_20.jl:32
┌ Info: 2021-09-10T12:45:52.726 Begin seed 88
└ @ Main /home/datalab/projects/agents/warehouse/experiments/e_hw17x15_1000_20.jl:23
┌ Info: 2021-09-10T12:45:52.877 End seed 88
└ @ Main /home/datalab/projects/agents/warehouse/experiments/e_hw17x15_1000_20.jl:32
┌ Info: 2021-09-10T12:45:52.877 Begin seed 89
└ @ Main /home/datalab/projects/agents/warehouse/experiments/e_hw17x15_1000_20.jl:23
┌ Info: 2021-09-10T12:45:53.031 End seed 89
└ @ Main /home/datalab/projects/agents/warehouse/experiments/e_hw17x15_1000_20.jl:32
┌ Info: 2021-09-10T12:45:53.031 Begin seed 90
└ @ Main /home/datalab/projects/agents/warehouse/experiments/e_hw17x15_1000_20.jl:23
┌ Info: 2021-09-10T12:45:53.210 End seed 90
└ @ Main /home/datalab/projects/agents/warehouse/experiments/e_hw17x15_1000_20.jl:32
┌ Info: 2021-09-10T12:45:53.210 Begin seed 91
└ @ Main /home/datalab/projects/agents/warehouse/experiments/e_hw17x15_1000_20.jl:23
┌ Info: 2021-09-10T12:45:53.361 End seed 91
└ @ Main /home/datalab/projects/agents/warehouse/experiments/e_hw17x15_1000_20.jl:32
┌ Info: 2021-09-10T12:45:53.361 Begin seed 92
└ @ Main /home/datalab/projects/agents/warehouse/experiments/e_hw17x15_1000_20.jl:23
┌ Info: 2021-09-10T12:45:53.527 End seed 92
└ @ Main /home/datalab/projects/agents/warehouse/experiments/e_hw17x15_1000_20.jl:32
┌ Info: 2021-09-10T12:45:53.527 Begin seed 93
└ @ Main /home/datalab/projects/agents/warehouse/experiments/e_hw17x15_1000_20.jl:23
┌ Info: 2021-09-10T12:45:53.678 End seed 93
└ @ Main /home/datalab/projects/agents/warehouse/experiments/e_hw17x15_1000_20.jl:32
┌ Info: 2021-09-10T12:45:53.679 Begin seed 94
└ @ Main /home/datalab/projects/agents/warehouse/experiments/e_hw17x15_1000_20.jl:23
┌ Info: 2021-09-10T12:45:53.861 End seed 94
└ @ Main /home/datalab/projects/agents/warehouse/experiments/e_hw17x15_1000_20.jl:32
┌ Info: 2021-09-10T12:45:53.861 Begin seed 95
└ @ Main /home/datalab/projects/agents/warehouse/experiments/e_hw17x15_1000_20.jl:23
┌ Info: 2021-09-10T12:45:54.022 End seed 95
└ @ Main /home/datalab/projects/agents/warehouse/experiments/e_hw17x15_1000_20.jl:32
┌ Info: 2021-09-10T12:45:54.022 Begin seed 96
└ @ Main /home/datalab/projects/agents/warehouse/experiments/e_hw17x15_1000_20.jl:23
┌ Info: 2021-09-10T12:45:54.167 End seed 96
└ @ Main /home/datalab/projects/agents/warehouse/experiments/e_hw17x15_1000_20.jl:32
┌ Info: 2021-09-10T12:45:54.167 Begin seed 97
└ @ Main /home/datalab/projects/agents/warehouse/experiments/e_hw17x15_1000_20.jl:23
┌ Info: 2021-09-10T12:45:54.317 End seed 97
└ @ Main /home/datalab/projects/agents/warehouse/experiments/e_hw17x15_1000_20.jl:32
┌ Info: 2021-09-10T12:45:54.317 Begin seed 98
└ @ Main /home/datalab/projects/agents/warehouse/experiments/e_hw17x15_1000_20.jl:23
┌ Info: 2021-09-10T12:45:54.495 End seed 98
└ @ Main /home/datalab/projects/agents/warehouse/experiments/e_hw17x15_1000_20.jl:32
┌ Info: 2021-09-10T12:45:54.495 Begin seed 99
└ @ Main /home/datalab/projects/agents/warehouse/experiments/e_hw17x15_1000_20.jl:23
┌ Info: 2021-09-10T12:45:54.652 End seed 99
└ @ Main /home/datalab/projects/agents/warehouse/experiments/e_hw17x15_1000_20.jl:32
┌ Info: 2021-09-10T12:45:54.652 Begin seed 100
└ @ Main /home/datalab/projects/agents/warehouse/experiments/e_hw17x15_1000_20.jl:23
┌ Info: 2021-09-10T12:45:54.795 End seed 100
└ @ Main /home/datalab/projects/agents/warehouse/experiments/e_hw17x15_1000_20.jl:32
